<?xml version="1.0" encoding="UTF-8"?>
<testng-results ignored="0" total="2" passed="2" failed="0" skipped="0">
  <reporter-output>
  </reporter-output>
  <suite started-at="2023-11-13T22:24:01 PKT" name="Default suite" finished-at="2023-11-13T22:24:19 PKT" duration-ms="18690">
    <groups>
    </groups>
    <test started-at="2023-11-13T22:24:01 PKT" name="Default test" finished-at="2023-11-13T22:24:19 PKT" duration-ms="18690">
      <class name="TestCasess.RegisterTestCase">
        <test-method is-config="true" signature="config()[pri:0, instance:TestCasess.RegisterTestCase@2892d68]" started-at="2023-11-13T22:24:01 PKT" name="config" finished-at="2023-11-13T22:24:05 PKT" duration-ms="4919" status="PASS">
          <reporter-output>
          </reporter-output>
        </test-method> <!-- config -->
        <test-method signature="RegisterUSerWIthValidCref()[pri:1, instance:TestCasess.RegisterTestCase@2892d68]" started-at="2023-11-13T22:24:06 PKT" name="RegisterUSerWIthValidCref" finished-at="2023-11-13T22:24:19 PKT" duration-ms="13433" status="PASS">
          <reporter-output>
          </reporter-output>
        </test-method> <!-- RegisterUSerWIthValidCref -->
        <test-method signature="LoginUSerWIthEmptyCred()[pri:2, instance:TestCasess.RegisterTestCase@2892d68]" started-at="2023-11-13T22:24:19 PKT" name="LoginUSerWIthEmptyCred" finished-at="2023-11-13T22:24:19 PKT" duration-ms="123" status="PASS">
          <reporter-output>
          </reporter-output>
        </test-method> <!-- LoginUSerWIthEmptyCred -->
        <test-method is-config="true" signature="closeWIndow()[pri:0, instance:TestCasess.RegisterTestCase@2892d68]" started-at="2023-11-13T22:24:19 PKT" name="closeWIndow" finished-at="2023-11-13T22:24:19 PKT" duration-ms="158" status="PASS">
          <reporter-output>
          </reporter-output>
        </test-method> <!-- closeWIndow -->
      </class> <!-- TestCasess.RegisterTestCase -->
    </test> <!-- Default test -->
  </suite> <!-- Default suite -->
</testng-results>
